Started at Sun Jul 18 04:13:05 UTC 2021
Processing practice
Offering practice to Project Build Discarder
Processing practice1
Offering practice1 to Project Build Discarder
Finished at Sun Jul 18 04:13:05 UTC 2021. 6ms
Started at Sun Jul 18 05:13:05 UTC 2021
Processing practice
Offering practice to Project Build Discarder
Processing practice1
Offering practice1 to Project Build Discarder
Finished at Sun Jul 18 05:13:05 UTC 2021. 2ms
Started at Sun Jul 18 06:13:05 UTC 2021
Processing practice
Offering practice to Project Build Discarder
Processing practice1
Offering practice1 to Project Build Discarder
Finished at Sun Jul 18 06:13:05 UTC 2021. 1ms
Started at Sun Jul 18 07:13:05 UTC 2021
Processing practice
Offering practice to Project Build Discarder
Processing practice1
Offering practice1 to Project Build Discarder
Finished at Sun Jul 18 07:13:05 UTC 2021. 5ms
Started at Sun Jul 18 08:13:05 UTC 2021
Processing practice
Offering practice to Project Build Discarder
Processing practice1
Offering practice1 to Project Build Discarder
Finished at Sun Jul 18 08:13:05 UTC 2021. 6ms
Started at Sun Jul 18 09:13:05 UTC 2021
Processing practice
Offering practice to Project Build Discarder
Processing practice1
Offering practice1 to Project Build Discarder
Finished at Sun Jul 18 09:13:05 UTC 2021. 0ms
Started at Sun Jul 18 10:13:05 UTC 2021
Processing practice
Offering practice to Project Build Discarder
Processing practice1
Offering practice1 to Project Build Discarder
Finished at Sun Jul 18 10:13:05 UTC 2021. 1ms
Started at Sun Jul 18 11:13:05 UTC 2021
Processing practice
Offering practice to Project Build Discarder
Processing practice1
Offering practice1 to Project Build Discarder
Finished at Sun Jul 18 11:13:05 UTC 2021. 1ms
